<?xml version="1.0" encoding="UTF-8"?>
<!-- Generated by org.testng.reporters.JUnitReportReporter -->
<testsuite skipped="0" hostname="Sai-PC" name="com.qa.test.JenkinsTest" tests="1" failures="0" timestamp="01 Jul 2018 10:20:17 GMT" time="0.021" errors="0">
  <testcase name="Testcase" time="0.021" classname="com.qa.test.JenkinsTest"/>
</testsuite> <!-- com.qa.test.JenkinsTest -->
